d:\5sandbox\1asteroid\astroid\asteroids\x64\debug\vc143.pdb
d:\5sandbox\1asteroid\astroid\asteroids\x64\debug\vc143.idb
d:\5sandbox\1asteroid\astroid\asteroids\x64\debug\keyboard.obj
d:\5sandbox\1asteroid\astroid\asteroids\x64\debug\graphics.obj
d:\5sandbox\1asteroid\astroid\asteroids\x64\debug\gameover.obj
d:\5sandbox\1asteroid\astroid\asteroids\x64\debug\gameentity.obj
d:\5sandbox\1asteroid\astroid\asteroids\x64\debug\game.obj
d:\5sandbox\1asteroid\astroid\asteroids\x64\debug\explosion.obj
d:\5sandbox\1asteroid\astroid\asteroids\x64\debug\collision.obj
d:\5sandbox\1asteroid\astroid\asteroids\x64\debug\collider.obj
d:\5sandbox\1asteroid\astroid\asteroids\x64\debug\orthocamera.obj
d:\5sandbox\1asteroid\astroid\asteroids\x64\debug\objectpool.obj
d:\5sandbox\1asteroid\astroid\asteroids\x64\debug\matrixbuffer.obj
d:\5sandbox\1asteroid\astroid\asteroids\x64\debug\maths.obj
d:\5sandbox\1asteroid\astroid\asteroids\x64\debug\immediatemode.obj
d:\5sandbox\1asteroid\astroid\asteroids\x64\debug\fontengine.obj
d:\5sandbox\1asteroid\astroid\asteroids\x64\debug\dynamicvertexbuffers.obj
d:\5sandbox\1asteroid\astroid\asteroids\x64\debug\bullet.obj
d:\5sandbox\1asteroid\astroid\asteroids\x64\debug\bootstate.obj
d:\5sandbox\1asteroid\astroid\asteroids\x64\debug\background.obj
d:\5sandbox\1asteroid\astroid\asteroids\x64\debug\asteroid.obj
d:\5sandbox\1asteroid\astroid\asteroids\x64\debug\assetloader.obj
d:\5sandbox\1asteroid\astroid\asteroids\x64\debug\vertexshader.obj
d:\5sandbox\1asteroid\astroid\asteroids\x64\debug\system.obj
d:\5sandbox\1asteroid\astroid\asteroids\x64\debug\statelibrary.obj
d:\5sandbox\1asteroid\astroid\asteroids\x64\debug\spritefontrenderer.obj
d:\5sandbox\1asteroid\astroid\asteroids\x64\debug\ship.obj
d:\5sandbox\1asteroid\astroid\asteroids\x64\debug\resourceloader.obj
d:\5sandbox\1asteroid\astroid\asteroids\x64\debug\random.obj
d:\5sandbox\1asteroid\astroid\asteroids\x64\debug\playingstate.obj
d:\5sandbox\1asteroid\astroid\asteroids\x64\debug\pixelshader.obj
d:\5sandbox\1asteroid\astroid\asteroids\x64\debug\gamestate.obj
d:\5sandbox\1asteroid\astroid\asteroids\x64\debug\mainwindow.obj
d:\5sandbox\1asteroid\astroid\asteroids\x64\debug\mainmenu.obj
d:\5sandbox\1asteroid\astroid\asteroids\x64\debug\main.obj
d:\5sandbox\1asteroid\astroid\asteroids\x64\debug\levelstart.obj
d:\5sandbox\1asteroid\astroid\x64\debug\pixelshader_fvfxyzdiffuse.cso
d:\5sandbox\1asteroid\astroid\x64\debug\pixelshader_spritefont.cso
d:\5sandbox\1asteroid\astroid\x64\debug\vertexshader_fvfxyzdiffuse.cso
d:\5sandbox\1asteroid\astroid\x64\debug\vertexshader_spritefont.cso
d:\5sandbox\1asteroid\astroid\asteroids\x64\debug\resource.res
d:\5sandbox\1asteroid\astroid\x64\debug\asteroids.pdb
d:\5sandbox\1asteroid\astroid\asteroids\x64\debug\asteroids.tlog\cl.command.1.tlog
d:\5sandbox\1asteroid\astroid\asteroids\x64\debug\asteroids.tlog\cl.read.1.tlog
d:\5sandbox\1asteroid\astroid\asteroids\x64\debug\asteroids.tlog\cl.write.1.tlog
d:\5sandbox\1asteroid\astroid\asteroids\x64\debug\asteroids.tlog\fxc.command.1.tlog
d:\5sandbox\1asteroid\astroid\asteroids\x64\debug\asteroids.tlog\fxc.read.1.tlog
d:\5sandbox\1asteroid\astroid\asteroids\x64\debug\asteroids.tlog\fxc.write.1.tlog
d:\5sandbox\1asteroid\astroid\asteroids\x64\debug\asteroids.tlog\link-cvtres.read.1.tlog
d:\5sandbox\1asteroid\astroid\asteroids\x64\debug\asteroids.tlog\link-cvtres.write.1.tlog
d:\5sandbox\1asteroid\astroid\asteroids\x64\debug\asteroids.tlog\link-rc.read.1.tlog
d:\5sandbox\1asteroid\astroid\asteroids\x64\debug\asteroids.tlog\link-rc.write.1.tlog
d:\5sandbox\1asteroid\astroid\asteroids\x64\debug\asteroids.tlog\link.command.1.tlog
d:\5sandbox\1asteroid\astroid\asteroids\x64\debug\asteroids.tlog\link.read.1.tlog
d:\5sandbox\1asteroid\astroid\asteroids\x64\debug\asteroids.tlog\link.read.2.tlog
d:\5sandbox\1asteroid\astroid\asteroids\x64\debug\asteroids.tlog\link.write.1.tlog
d:\5sandbox\1asteroid\astroid\asteroids\x64\debug\asteroids.tlog\rc.command.1.tlog
d:\5sandbox\1asteroid\astroid\asteroids\x64\debug\asteroids.tlog\rc.read.1.tlog
d:\5sandbox\1asteroid\astroid\asteroids\x64\debug\asteroids.tlog\rc.write.1.tlog
