  AssetLoader.cpp
  Asteroid.cpp
  Background.cpp
  BootState.cpp
  Bullet.cpp
  DynamicVertexBuffers.cpp
  FontEngine.cpp
  ImmediateMode.cpp
  Maths.cpp
  MatrixBuffer.cpp
  OrthoCamera.cpp
  Collider.cpp
  Collision.cpp
  Explosion.cpp
  Game.cpp
  GameEntity.cpp
  GameOver.cpp
  Graphics.cpp
  Keyboard.cpp
  LevelStart.cpp
D:\5Sandbox\1Asteroid\Astroid\Asteroids\LevelStart.cpp(37,2): warning C4996: 'sprintf': This function or variable may be unsafe. Consider using sprintf_s instead. To disable deprecation, use _CRT_SECURE_NO_WARNINGS. See online help for details.
  Generating Code...
  Compiling...
  Main.cpp
  MainMenu.cpp
  MainWindow.cpp
  GameState.cpp
  PixelShader.cpp
  PlayingState.cpp
  Random.cpp
  ResourceLoader.cpp
  Ship.cpp
  SpriteFontRenderer.cpp
  StateLibrary.cpp
  System.cpp
  VertexShader.cpp
  Generating Code...
  Asteroids.vcxproj -> D:\5Sandbox\1Asteroid\Astroid\x64\Debug\Asteroids.exe
